<?xml version="1.0" encoding="UTF-8"?>
<!-- Generated by org.testng.reporters.JUnitXMLReporter -->
<testsuite ignored="1" hostname="LAPTOP-CR0AC305" failures="0" tests="5" name="Test" time="9.324" errors="0" timestamp="2023-03-01T23:55:14 IST">
  <testcase classname="test_class.TestNG2" name="test2" time="0.009"/>
  <testcase classname="test_class.TestNG2" name="test3" time="0.002"/>
  <testcase classname="test_class.TestNG_Facebook" name="verify_TitleOfFaceBook" time="0.016"/>
  <testcase classname="test_class.TestNG_Facebook" name="verify_TitleOfFaceBook" time="0.023"/>
  <testcase classname="test_class.TestNG_Facebook" name="verify_EmailText" time="0.064"/>
  <testcase classname="test_class.TestNG_Facebook" name="enter_Email" time="0.0">
    <ignored/>
  </testcase> <!-- enter_Email -->
</testsuite> <!-- Test -->
