<?xml version="1.0" encoding="UTF-8"?>
<testng-results ignored="0" total="2" passed="2" failed="0" skipped="0">
  <reporter-output>
  </reporter-output>
  <suite started-at="2023-03-15T00:07:25 IST" name="Regression Suite" finished-at="2023-03-15T00:07:26 IST" duration-ms="61">
    <groups>
    </groups>
    <test started-at="2023-03-15T00:07:25 IST" name="Test" finished-at="2023-03-15T00:07:26 IST" duration-ms="61">
      <class name="test_class.TestNG">
        <test-method is-config="true" signature="beforeClass()[pri:0, instance:test_class.TestNG@41fbdac4]" started-at="2023-03-15T00:07:26 IST" name="beforeClass" finished-at="2023-03-15T00:07:26 IST" duration-ms="7" status="PASS">
          <reporter-output>
          </reporter-output>
        </test-method> <!-- beforeClass -->
        <test-method is-config="true" signature="beforeMethod()[pri:0, instance:test_class.TestNG@41fbdac4]" started-at="2023-03-15T00:07:26 IST" name="beforeMethod" finished-at="2023-03-15T00:07:26 IST" duration-ms="0" status="PASS">
          <reporter-output>
          </reporter-output>
        </test-method> <!-- beforeMethod -->
        <test-method signature="test1()[pri:0, instance:test_class.TestNG@41fbdac4]" started-at="2023-03-15T00:07:26 IST" name="test1" finished-at="2023-03-15T00:07:26 IST" duration-ms="10" status="PASS">
          <reporter-output>
          </reporter-output>
        </test-method> <!-- test1 -->
        <test-method is-config="true" signature="aftermethod()[pri:0, instance:test_class.TestNG@41fbdac4]" started-at="2023-03-15T00:07:26 IST" name="aftermethod" finished-at="2023-03-15T00:07:26 IST" duration-ms="1" status="PASS">
          <reporter-output>
          </reporter-output>
        </test-method> <!-- aftermethod -->
        <test-method signature="test2()[pri:0, instance:test_class.TestNG@41fbdac4]" started-at="2023-03-15T00:07:26 IST" name="test2" finished-at="2023-03-15T00:07:26 IST" duration-ms="2" status="PASS">
          <reporter-output>
          </reporter-output>
        </test-method> <!-- test2 -->
        <test-method is-config="true" signature="beforeMethod()[pri:0, instance:test_class.TestNG@41fbdac4]" started-at="2023-03-15T00:07:26 IST" name="beforeMethod" finished-at="2023-03-15T00:07:26 IST" duration-ms="0" status="PASS">
          <reporter-output>
          </reporter-output>
        </test-method> <!-- beforeMethod -->
        <test-method is-config="true" signature="aftermethod()[pri:0, instance:test_class.TestNG@41fbdac4]" started-at="2023-03-15T00:07:26 IST" name="aftermethod" finished-at="2023-03-15T00:07:26 IST" duration-ms="1" status="PASS">
          <reporter-output>
          </reporter-output>
        </test-method> <!-- aftermethod -->
        <test-method is-config="true" signature="afterClass()[pri:0, instance:test_class.TestNG@41fbdac4]" started-at="2023-03-15T00:07:26 IST" name="afterClass" finished-at="2023-03-15T00:07:26 IST" duration-ms="1" status="PASS">
          <reporter-output>
          </reporter-output>
        </test-method> <!-- afterClass -->
      </class> <!-- test_class.TestNG -->
    </test> <!-- Test -->
  </suite> <!-- Regression Suite -->
</testng-results>
