<?xml version="1.0" encoding="UTF-8"?>
<!-- Generated by org.testng.reporters.JUnitXMLReporter -->
<testsuite ignored="0" hostname="LAPTOP-CR0AC305" failures="0" tests="4" name="Test2" time="0.065" errors="0" timestamp="2023-03-01T10:56:37 IST">
  <testcase classname="test_class.TestNG2" name="test2" time="0.012"/>
  <testcase classname="test_class.TestNG2" name="test3" time="0.002"/>
  <testcase classname="test_class.NewTest" name="f" time="0.003"/>
  <testcase classname="test_class.NewTest" name="f" time="0.001"/>
</testsuite> <!-- Test2 -->
