<?xml version="1.0" encoding="UTF-8"?>
<!-- Generated by org.testng.reporters.JUnitXMLReporter -->
<testsuite ignored="0" hostname="LAPTOP-CR0AC305" failures="0" tests="9" name="chrome" time="0.073" errors="0" timestamp="2023-03-01T10:44:25 IST">
  <testcase classname="test_class.TestNG2" name="test2" time="0.007"/>
  <testcase classname="test_class.TestNG2" name="test3" time="0.002"/>
  <testcase classname="test_class.TestNG" name="test1" time="0.003"/>
  <testcase classname="test_class.TestNG" name="test2" time="0.001"/>
  <testcase classname="test_class.Keyword" name="verifyhome" time="0.001"/>
  <testcase classname="test_class.Keyword" name="verifyhome" time="0.001"/>
  <testcase classname="test_class.Keyword" name="verifyhome" time="0.0"/>
  <testcase classname="test_class.Keyword" name="verifylogin" time="0.001"/>
  <testcase classname="test_class.Keyword" name="verifyadmin" time="0.0"/>
</testsuite> <!-- chrome -->
